-------------------------------------------------------------------------------
   ROBOCOPY     ::     Robust File Copy for Windows
-------------------------------------------------------------------------------

  Started : Mittwoch, 25. Oktober 2017 13:22:11
   Source : C:\OneDrive\Weiteres\PSConfAsia - 2017\PowerShell Classes\DemoLogs\
     Dest : C:\PSConfAsia - 2017\

    Files : *.*

  Options : *.* /S /E /DCOPY:DA /COPY:DAT /PURGE /MIR /R:1000000 /W:30

------------------------------------------------------------------------------

          New Dir          0    C:\OneDrive\Weiteres\PSConfAsia - 2017\PowerShell Classes\DemoLogs\
          New Dir          2    C:\OneDrive\Weiteres\PSConfAsia - 2017\PowerShell Classes\DemoLogs\CBS\
100%        New File              14.9 m        CBS.log
100%        New File              59.9 m        CBSBIG.log
          New Dir          1    C:\OneDrive\Weiteres\PSConfAsia - 2017\PowerShell Classes\DemoLogs\DISM\
100%        New File              453274        dism.log
          New Dir          6    C:\OneDrive\Weiteres\PSConfAsia - 2017\PowerShell Classes\DemoLogs\Mix\
100%        New File                8685        CBS.log
100%        New File               18993        dism.log
100%        New File               20741        setupact.log
100%        New File               20028        setuperr.log
100%        New File              273476        smsts.log
100%        New File               16739        WindowsUpdate.log
          New Dir          0    C:\OneDrive\Weiteres\PSConfAsia - 2017\PowerShell Classes\DemoLogs\Robocopy\
          New Dir        100    C:\OneDrive\Weiteres\PSConfAsia - 2017\PowerShell Classes\DemoLogs\SCCM\
100%        New File                7708        AlternateHandler.log
100%        New File              499714        AppDiscovery.log
100%        New File              340256        AppEnforce.log
100%        New File               1.0 m        AppIntentEval.log
100%        New File               1.1 m        AssetAdvisor.log
100%        New File               1.8 m        CAS.log
100%        New File              129837        Ccm32BitLauncher.log
100%        New File               1.6 m        CcmEval.log
100%        New File              749297        CcmEvalTask.log
100%        New File               1.1 m        CcmExec.log
100%        New File              386000        CcmMessaging.log
100%        New File               1.7 m        CcmNotificationAgent.log
100%        New File              577425        CcmRepair.log
100%        New File               77235        CcmRestart.log
100%        New File              165511        CCMSDKProvider.log
100%        New File               1.6 m        CcmSqlCE.log
100%        New File              343869        CCMVDIProvider.log
100%        New File              761982        CertEnrollAgent.log
100%        New File              593080        CertEnrollEndpoint_x64.bak
100%        New File              316877        CertificateMaintenance.log
100%        New File              936027        CIAgent.log
100%        New File             1002727        CIDownloader.log
100%        New File               1.2 m        CIStateStore.log
100%        New File               1.7 m        CIStore.log
100%        New File              722577        CITaskMgr.log
100%        New File                1158        ClientAuth.log
100%        New File               88623        ClientIDManagerStartup.log
100%        New File               1.4 m        ClientLocation.log
100%        New File               19595        CMBITSManager.log
100%        New File             1038232        ComplRelayAgent.log
100%        New File              317490        ContentTransferManager.log
100%        New File                 471        DADASNEV-PC01.log
100%        New File               1.9 m        DataTransferService.log
100%        New File               1.8 m        DCMAgent.log
100%        New File               1.0 m        DCMReporting.log
100%        New File                 172        DCMReports.log
100%        New File               1.6 m        DcmWmiProvider.log
100%        New File              947342        EndpointProtectionAgent.log
100%        New File             1043097        execmgr.log
100%        New File              335571        ExpressionSolver.log
100%        New File               1.4 m        ExternalEventAgent.log
100%        New File                 400        FileBITS.log
100%        New File               1.3 m        FileSystemFile.log
100%        New File              781288        FSPStateMessage.log
100%        New File               1.6 m        InternetProxy.log
100%        New File               1.3 m        InventoryAgent.log
100%        New File              795736        InventoryProvider.log
100%        New File              313215        LocationServices.log
100%        New File              615327        MaintenanceCoordinator.log
100%        New File              344793        ManagedProvider.log
100%        New File               49645        Microsoft_PushButtonRefresh_EN_01_PSAppDeployToolkit_Install.log
100%        New File              414302        mtrmgr.log
100%        New File               85790        oobmgmt.log
100%        New File                 210        PeerDPAgent.log
100%        New File               1.3 m        PolicyAgent.log
100%        New File               1.7 m        PolicyAgentProvider.log
100%        New File               1.6 m        PolicyEvaluator.log
100%        New File               52791        PolicySdk.log
100%        New File                 166        Prereq.log
100%        New File               11528        PreSetup.log
100%        New File              653957        pwrmgmt.log
100%        New File              482485        PwrProvider.log
100%        New File              358363        RebootCoordinator.log
100%        New File                3879        RecoverSetup.log
100%        New File               1.2 m        ScanAgent.log
100%        New File               1.8 m        SCClient_EUROPE@dadasnev_1.log
100%        New File              190196        Scheduler.log
100%        New File               17116        SCNotify_DADASNEV-PC01@Administrator_1.log
100%        New File               1.8 m        SCNotify_EUROPE@dadasnev_1.log
100%        New File               1.1 m        SCNotify_EUROPE@dadasnev_2.log
100%        New File               42583        SCToastNotification_EUROPE@dadasnev_1.log
100%        New File               1.8 m        ServiceWindowManager.log
100%        New File                 222        SetupComplete-CMD.log
100%        New File                3605        SetupComplete.log
100%        New File              500128        setuppolicyevaluator-20160721-204740.log
100%        New File               51826        setuppolicyevaluator.log
100%        New File                2003        SmsClientMethodProvider.log
100%        New File               43474        smscliui.log
100%        New File               62640        smssha.log
100%        New File              273476        smsts.log
100%        New File              282175        SoftwareCatalogUpdateEndpoint.log
100%        New File              983717        SoftwareCenterSystemTasks.log
100%        New File              529847        SrcUpdateMgr.log
100%        New File               1.6 m        StateMessage.log
100%        New File              847181        StateMessageProvider.log
100%        New File               1.8 m        StatusAgent.log
100%        New File               17995        SWMTRReportGen.log
100%        New File              359799        TSAgent.log
100%        New File                 268        TSTiming.log
100%        New File               14444        TS_Network_Connection.log
100%        New File              363491        UpdatesDeployment.log
100%        New File              676713        UpdatesHandler.log
100%        New File              541413        UpdatesStore.log
100%        New File               1.5 m        UpdateTrustedSites.log
100%        New File                1464        updatewinreconfig.log
100%        New File              720882        UserAffinity.log
100%        New File              114522        UserAffinityProvider.log
100%        New File               94596        VirtualApp.log
100%        New File              131072        wedmtrace.log
100%        New File              324045        WUAHandler.log
          New Dir          2    C:\OneDrive\Weiteres\PSConfAsia - 2017\PowerShell Classes\DemoLogs\SMSTSLog\
100%        New File                7708        AlternateHandler.log
100%        New File                1257        smsts.log
          New Dir          2    C:\OneDrive\Weiteres\PSConfAsia - 2017\PowerShell Classes\DemoLogs\Upgrade\
100%        New File               20741        setupact.log
100%        New File               20028        setuperr.log
          New Dir          1    C:\OneDrive\Weiteres\PSConfAsia - 2017\PowerShell Classes\DemoLogs\WindowsUpdateLog\
100%        New File              764919        WindowsUpdate.log

------------------------------------------------------------------------------

               Total    Copied   Skipped  Mismatch    FAILED    Extras
    Dirs :         9         9         0         0         0         0
   Files :       114       114         0         0         0         0
   Bytes :  143.56 m  143.56 m         0         0         0         0
   Times :   0:00:01   0:00:01                       0:00:00   0:00:00


   Speed :            90524974 Bytes/sec.
   Speed :            5179.880 MegaBytes/min.
   Ended : Mittwoch, 25. Oktober 2017 13:22:13